<?xml version="1.0" encoding="UTF-8"?>
<!-- Generated by org.testng.reporters.JUnitXMLReporter -->
<testsuite ignored="3" hostname="LAPTOP-PVCO4Q73" failures="0" tests="1" name="ChromeTest" time="3.802" errors="0" timestamp="2025-03-03T13:57:45 IST">
  <testcase classname="testscript.LoginTest" name="verifyTheUserIsAbleToLoginUsingValidCredentials" time="1.313"/>
  <testcase classname="testscript.LoginTest" name="verifyTheUserIsAbleToUsingInvalidUsernameInvalidpassword" time="0.0">
    <ignored/>
  </testcase> <!-- verifyTheUserIsAbleToUsingInvalidUsernameInvalidpassword -->
  <testcase classname="testscript.LoginTest" name="verifyTheUserIsAbleToUsingInvalidUsernameValidpassword" time="0.0">
    <ignored/>
  </testcase> <!-- verifyTheUserIsAbleToUsingInvalidUsernameValidpassword -->
  <testcase classname="testscript.LoginTest" name="verifyTheUserIsAbleToLoginUsingValidUsernameInvalidPassword" time="0.0">
    <ignored/>
  </testcase> <!-- verifyTheUserIsAbleToLoginUsingValidUsernameInvalidPassword -->
</testsuite> <!-- ChromeTest -->
