<?xml version="1.0" encoding="UTF-8"?>
<!-- Generated by org.testng.reporters.JUnitXMLReporter -->
<testsuite ignored="3" hostname="LAPTOP-PVCO4Q73" failures="0" tests="1" name="ChromeTest" time="9.297" errors="0" timestamp="2025-02-26T16:40:18 IST">
  <testcase classname="testscript.LoginTest" name="verifyTheUserIsAbleToLoginUsingValidCredentials" time="4.788"/>
  <testcase classname="testscript.LoginTest" name="verifyTheUserIsAbleToUsingInvalidUsernameInvalidpassword" time="0.0">
    <ignored/>
  </testcase> <!-- verifyTheUserIsAbleToUsingInvalidUsernameInvalidpassword -->
  <testcase classname="testscript.LoginTest" name="verifyTheUserIsAbleToLoginUsingValidUsernameInvalidPassword" time="0.0">
    <ignored/>
  </testcase> <!-- verifyTheUserIsAbleToLoginUsingValidUsernameInvalidPassword -->
  <testcase classname="testscript.LoginTest" name="verifyTheUserIsAbleToUsingInvalidUsernameValidpassword" time="0.0">
    <ignored/>
  </testcase> <!-- verifyTheUserIsAbleToUsingInvalidUsernameValidpassword -->
</testsuite> <!-- ChromeTest -->
