<?xml version="1.0" encoding="UTF-8"?>
<!-- Generated by org.testng.reporters.JUnitXMLReporter -->
<testsuite ignored="2" hostname="LAPTOP-PVCO4Q73" failures="0" tests="2" name="EdgeTest" time="16.546" errors="0" timestamp="2025-03-03T13:58:01 IST">
  <testcase classname="testscript.ManageContactTest" name="verifyThatTheUpdateButtonIsDisplayed1" time="1.01"/>
  <testcase classname="testscript.ManageContactTest" name="verifyThatUserAbleToChangePhonenumberAndDeliveryTime" time="1.577"/>
  <testcase classname="testscript.ManageFooterTest" name="verifyThatTheUpdateButtonIsDisplayed" time="0.0">
    <ignored/>
  </testcase> <!-- verifyThatTheUpdateButtonIsDisplayed -->
  <testcase classname="testscript.ManageFooterTest" name="verifyThatuserIsAbleToUpadateManageFooterSuccessfully" time="0.0">
    <ignored/>
  </testcase> <!-- verifyThatuserIsAbleToUpadateManageFooterSuccessfully -->
</testsuite> <!-- EdgeTest -->
