<?xml version="1.0" encoding="UTF-8"?>
<!-- Generated by org.testng.reporters.JUnitXMLReporter -->
<testsuite ignored="1" hostname="LAPTOP-PVCO4Q73" failures="0" tests="1" name="EdgeTest" time="7.151" errors="0" timestamp="2025-02-26T16:40:25 IST">
  <testcase classname="testscript.ManageFooterTest" name="verifyThatuserIsAbleToUpadatManageFooterSuccessfully" time="2.649"/>
  <testcase classname="testscript.ManageFooterTest" name="verifyThatTheUpdateButtonIsDisplayed" time="0.0">
    <ignored/>
  </testcase> <!-- verifyThatTheUpdateButtonIsDisplayed -->
</testsuite> <!-- EdgeTest -->
