<?xml version="1.0" encoding="UTF-8"?>
<testng-results ignored="0" total="1" passed="1" failed="0" skipped="0">
  <reporter-output>
  </reporter-output>
  <suite started-at="2025-03-03T15:22:34 IST" name="Suite" finished-at="2025-03-03T15:22:43 IST" duration-ms="9339">
    <groups>
    </groups>
    <test started-at="2025-03-03T15:22:34 IST" name="Test" finished-at="2025-03-03T15:22:43 IST" duration-ms="9339">
      <class name="testscript.ManageSubCategoryTest">
        <test-method is-config="true" signature="initaialBrowser(java.lang.String)[pri:0, instance:testscript.ManageSubCategoryTest@63fbfaeb]" started-at="2025-03-03T15:22:34 IST" name="initaialBrowser" finished-at="2025-03-03T15:22:37 IST" duration-ms="3014" status="PASS">
          <params>
            <param index="0">
              <value>
                <![CDATA[chrome]]>
              </value>
            </param>
          </params>
          <reporter-output>
          </reporter-output>
        </test-method> <!-- initaialBrowser -->
        <test-method signature="verifyThatManageSubCategorycanuplaodFile()[pri:0, instance:testscript.ManageSubCategoryTest@63fbfaeb]" started-at="2025-03-03T15:22:37 IST" name="verifyThatManageSubCategorycanuplaodFile" description="verify That Manage SubCategory can uplaod File" finished-at="2025-03-03T15:22:43 IST" duration-ms="6090" status="PASS">
          <reporter-output>
          </reporter-output>
        </test-method> <!-- verifyThatManageSubCategorycanuplaodFile -->
        <test-method is-config="true" signature="browserQuit(org.testng.ITestResult)[pri:0, instance:testscript.ManageSubCategoryTest@63fbfaeb]" started-at="2025-03-03T15:22:43 IST" name="browserQuit" finished-at="2025-03-03T15:22:43 IST" duration-ms="194" status="PASS">
          <params>
            <param index="0">
              <value>
                <![CDATA[[TestResult name=verifyThatManageSubCategorycanuplaodFile status=SUCCESS method=ManageSubCategoryTest.verifyThatManageSubCategorycanuplaodFile()[pri:0, instance:testscript.ManageSubCategoryTest@63fbfaeb] output={null}]]]>
              </value>
            </param>
          </params>
          <reporter-output>
          </reporter-output>
        </test-method> <!-- browserQuit -->
      </class> <!-- testscript.ManageSubCategoryTest -->
    </test> <!-- Test -->
  </suite> <!-- Suite -->
</testng-results>
